<?xml version="1.0" encoding="UTF-8"?>
<testng-results ignored="0" total="5" passed="5" failed="0" skipped="0">
  <reporter-output>
  </reporter-output>
  <suite started-at="2024-07-08T13:24:34 IST" name="Default suite" finished-at="2024-07-08T13:25:28 IST" duration-ms="53124">
    <groups>
    </groups>
    <test started-at="2024-07-08T13:24:34 IST" name="Default test" finished-at="2024-07-08T13:25:28 IST" duration-ms="53124">
      <class name="pract.rahul_page">
        <test-method is-config="true" signature="open_browser()[pri:0, instance:pract.rahul_page@54422e18]" started-at="2024-07-08T13:24:34 IST" name="open_browser" finished-at="2024-07-08T13:24:52 IST" duration-ms="17365" status="PASS">
          <reporter-output>
          </reporter-output>
        </test-method> <!-- open_browser -->
        <test-method signature="check_box()[pri:0, instance:pract.rahul_page@54422e18]" started-at="2024-07-08T13:24:52 IST" name="check_box" finished-at="2024-07-08T13:25:03 IST" duration-ms="10930" status="PASS">
          <reporter-output>
          </reporter-output>
        </test-method> <!-- check_box -->
        <test-method signature="dropdown()[pri:0, instance:pract.rahul_page@54422e18]" started-at="2024-07-08T13:25:03 IST" name="dropdown" finished-at="2024-07-08T13:25:05 IST" duration-ms="1468" status="PASS">
          <reporter-output>
          </reporter-output>
        </test-method> <!-- dropdown -->
        <test-method signature="radio_button()[pri:0, instance:pract.rahul_page@54422e18]" started-at="2024-07-08T13:25:05 IST" name="radio_button" finished-at="2024-07-08T13:25:05 IST" duration-ms="321" status="PASS">
          <reporter-output>
          </reporter-output>
        </test-method> <!-- radio_button -->
        <test-method signature="switch_alert()[pri:0, instance:pract.rahul_page@54422e18]" started-at="2024-07-08T13:25:05 IST" name="switch_alert" finished-at="2024-07-08T13:25:07 IST" duration-ms="1580" status="PASS">
          <reporter-output>
          </reporter-output>
        </test-method> <!-- switch_alert -->
        <test-method signature="switch_window()[pri:0, instance:pract.rahul_page@54422e18]" started-at="2024-07-08T13:25:07 IST" name="switch_window" finished-at="2024-07-08T13:25:24 IST" duration-ms="17287" status="PASS">
          <reporter-output>
          </reporter-output>
        </test-method> <!-- switch_window -->
        <test-method is-config="true" signature="teardown()[pri:0, instance:pract.rahul_page@54422e18]" started-at="2024-07-08T13:25:24 IST" name="teardown" finished-at="2024-07-08T13:25:28 IST" duration-ms="3533" status="PASS">
          <reporter-output>
          </reporter-output>
        </test-method> <!-- teardown -->
      </class> <!-- pract.rahul_page -->
    </test> <!-- Default test -->
  </suite> <!-- Default suite -->
</testng-results>
